info it worked if it ends with ok
verbose cli [ 'node', '/usr/local/bin/npm', 'publish' ]
info using npm@1.1.16
info using node@v0.6.15
verbose config file /root/.npmrc
verbose config file /usr/local/etc/npmrc
verbose config file /usr/local/lib/node_modules/npm/npmrc
verbose publish [ '.' ]
verbose caching /root/node/imap-client/package.json
verbose loadDefaults simpleimap@0.1.0
info prepublish simpleimap@0.1.0
verbose cache add [ '.', null ]
silly cache add: name, spec, args [ undefined, '.', [ '.', null ] ]
verbose parsed url { pathname: '.', path: '.', href: '.' }
verbose caching package.json
verbose loadDefaults simpleimap@0.1.0
verbose tar.pack [ '/tmp/npm-1335126795782/1335126795782-0.8827324686571956/tmp.tgz',
verbose tar.pack   '.' ]
verbose tarball /tmp/npm-1335126795782/1335126795782-0.8827324686571956/tmp.tgz
verbose folder .
verbose unpack /tmp/npm-1335126795782/1335126795782-0.8827324686571956/tmp.tgz
silly gunzTarPerm modes [ '755', '644' ]
silly extracting entry package.json
silly extracting entry .npmignore
silly extracting entry README.md
silly extracting entry tools/test.js
silly extracting entry tools/proxy.js
silly extracting entry test/lineparser.js
silly extracting entry lib/lineparser.js
silly extracting entry lib/starttls.js
silly extracting entry lib/client.js
verbose caching /tmp/npm-1335126795782/1335126795782-0.8827324686571956/package/package.json
verbose loadDefaults simpleimap@0.1.0
verbose from cache /tmp/npm-1335126795782/1335126795782-0.8827324686571956/package/package.json
verbose tar.pack [ '/root/.npm/simpleimap/0.1.0/package.tgz',
verbose tar.pack   '/tmp/npm-1335126795782/1335126795782-0.8827324686571956/package' ]
verbose tarball /root/.npm/simpleimap/0.1.0/package.tgz
verbose folder /tmp/npm-1335126795782/1335126795782-0.8827324686571956/package
verbose unpack /root/.npm/simpleimap/0.1.0/package.tgz
silly gunzTarPerm modes [ '755', '644' ]
silly extracting entry package.json
silly extracting entry .npmignore
silly extracting entry README.md
silly extracting entry tools/test.js
silly extracting entry tools/proxy.js
silly extracting entry test/lineparser.js
silly extracting entry lib/lineparser.js
silly extracting entry lib/starttls.js
silly extracting entry lib/client.js
verbose caching /root/.npm/simpleimap/0.1.0/package/package.json
verbose loadDefaults simpleimap@0.1.0
silly updated sha bytes 7561
info shasum 5bc749a626eba95e6214a59dbcd77f410dace352
info shasum /root/.npm/simpleimap/0.1.0/package.tgz
verbose from cache /root/.npm/simpleimap/0.1.0/package/package.json
verbose chmod /root/.npm/simpleimap/0.1.0/package.tgz 644
verbose chown [ '/root/.npm/simpleimap/0.1.0/package.tgz', 0, 0 ]
silly publish { name: 'simpleimap',
silly publish   private: true,
silly publish   version: '0.1.0',
silly publish   author: { name: 'Andris Reinman' },
silly publish   maintainers: [ { name: 'andris', email: 'andris@node.ee' } ],
silly publish   dependencies: {},
silly publish   devDependencies: { nodeunit: '*' },
silly publish   scripts: { test: 'nodeunit test' },
silly publish   _npmUser: { name: 'andris', email: 'andris@node.ee' },
silly publish   _id: 'simpleimap@0.1.0',
silly publish   optionalDependencies: {},
silly publish   engines: { node: '*' },
silly publish   _engineSupported: true,
silly publish   _npmVersion: '1.1.16',
silly publish   _nodeVersion: 'v0.6.15',
silly publish   _defaultsLoaded: true,
silly publish   dist: { shasum: '5bc749a626eba95e6214a59dbcd77f410dace352' } }
ERR! Error: This package has been marked as private
ERR! Remove the 'private' field from the package.json to publish it.
ERR!     at publish_ (/usr/local/lib/node_modules/npm/lib/publish.js:74:31)
ERR!     at Array.1 (/usr/local/lib/node_modules/npm/node_modules/slide/lib/bind-actor.js:15:8)
ERR!     at LOOP (/usr/local/lib/node_modules/npm/node_modules/slide/lib/chain.js:15:13)
ERR!     at LOOP (/usr/local/lib/node_modules/npm/node_modules/slide/lib/chain.js:14:28)
ERR!     at chain (/usr/local/lib/node_modules/npm/node_modules/slide/lib/chain.js:20:4)
ERR!     at /usr/local/lib/node_modules/npm/lib/publish.js:53:5
ERR!     at cb (/usr/local/lib/node_modules/npm/lib/cache.js:574:12)
ERR!     at /usr/local/lib/node_modules/npm/lib/cache.js:721:13
ERR!     at cb (/usr/local/lib/node_modules/npm/node_modules/slide/lib/async-map.js:48:11)
ERR!     at Object.oncomplete (/usr/local/lib/node_modules/npm/node_modules/graceful-fs/graceful-fs.js:230:7)
ERR! You may report this log at:
ERR!     <http://github.com/isaacs/npm/issues>
ERR! or email it to:
ERR!     <npm-@googlegroups.com>
ERR! 
ERR! System Linux 2.6.18-028stab093.2
ERR! command "node" "/usr/local/bin/npm" "publish"
ERR! cwd /root/node/imap-client
ERR! node -v v0.6.15
ERR! npm -v 1.1.16
ERR! message This package has been marked as private
ERR! message Remove the 'private' field from the package.json to publish it.
verbose exit [ 1, true ]
